
*** Running vivado
    with args -log time_multi.vdi -applog -m64 -product Vivado -messageDb vivado.pb -mode batch -source time_multi.tcl -notrace


ECHO is off.
ECHO is off.

****** Vivado v2023.2 (64-bit)
  **** SW Build 4029153 on Fri Oct 13 20:14:34 MDT 2023
  **** IP Build 4028589 on Sat Oct 14 00:45:43 MDT 2023
  **** SharedData Build 4025554 on Tue Oct 10 17:18:54 MDT 2023
    ** Copyright 1986-2022 Xilinx, Inc. All Rights Reserved.
    ** Copyright 2022-2023 Advanced Micro Devices, Inc. All Rights Reserved.

source time_multi.tcl -notrace
create_project: Time (s): cpu = 00:00:05 ; elapsed = 00:00:06 . Memory (MB): peak = 473.582 ; gain = 177.938
Command: link_design -top time_multi -part xc7a35tcpg236-1
Design is defaulting to srcset: sources_1
Design is defaulting to constrset: constrs_1
INFO: [Device 21-403] Loading part xc7a35tcpg236-1
Netlist sorting complete. Time (s): cpu = 00:00:00 ; elapsed = 00:00:00.001 . Memory (MB): peak = 870.941 ; gain = 0.000
INFO: [Netlist 29-17] Analyzing 28 Unisim elements for replacement
INFO: [Netlist 29-28] Unisim Transformation completed in 0 CPU seconds
INFO: [Project 1-479] Netlist was created with Vivado 2023.2
INFO: [Project 1-570] Preparing netlist for logic optimization
Parsing XDC File [C:/Users/gabri/Desktop/UT/junior/EE316/lab_4/lab_4.srcs/sources_1/new/part3.xdc]
Finished Parsing XDC File [C:/Users/gabri/Desktop/UT/junior/EE316/lab_4/lab_4.srcs/sources_1/new/part3.xdc]
INFO: [Opt 31-138] Pushed 0 inverter(s) to 0 load pin(s).
Netlist sorting complete. Time (s): cpu = 00:00:00 ; elapsed = 00:00:00.001 . Memory (MB): peak = 1002.461 ; gain = 0.000
INFO: [Project 1-111] Unisim Transformation Summary:
No Unisim elements were transformed.

The system cannot find the path specified.
7 Infos, 0 Warnings, 0 Critical Warnings and 0 Errors encountered.
link_design completed successfully
link_design: Time (s): cpu = 00:00:05 ; elapsed = 00:00:05 . Memory (MB): peak = 1006.512 ; gain = 532.930
Command: opt_design
Attempting to get a license for feature 'Implementation' and/or device 'xc7a35t'
INFO: [Common 17-349] Got license for feature 'Implementation' and/or device 'xc7a35t'
Running DRC as a precondition to command opt_design

Starting DRC Task
INFO: [DRC 23-27] Running DRC with 2 threads
INFO: [Project 1-461] DRC finished with 0 Errors
INFO: [Project 1-462] Please refer to the DRC report (report_drc) for more information.

Time (s): cpu = 00:00:01 ; elapsed = 00:00:00.859 . Memory (MB): peak = 1026.992 ; gain = 20.480

Starting Cache Timing Information Task
INFO: [Timing 38-35] Done setting XDC timing constraints.
Ending Cache Timing Information Task | Checksum: 17f730e84

Time (s): cpu = 00:00:06 ; elapsed = 00:00:07 . Memory (MB): peak = 1558.250 ; gain = 531.258

Starting Logic Optimization Task

Phase 1 Initialization

Phase 1.1 Core Generation And Design Setup
Phase 1.1 Core Generation And Design Setup | Checksum: 17f730e84

Time (s): cpu = 00:00:00 ; elapsed = 00:00:00 . Memory (MB): peak = 1926.508 ; gain = 0.000

Phase 1.2 Setup Constraints And Sort Netlist
Phase 1.2 Setup Constraints And Sort Netlist | Checksum: 17f730e84

Time (s): cpu = 00:00:00 ; elapsed = 00:00:00.001 . Memory (MB): peak = 1926.508 ; gain = 0.000
Phase 1 Initialization | Checksum: 17f730e84

Time (s): cpu = 00:00:00 ; elapsed = 00:00:00.001 . Memory (MB): peak = 1926.508 ; gain = 0.000

Phase 2 Timer Update And Timing Data Collection

Phase 2.1 Timer Update
Phase 2.1 Timer Update | Checksum: 17f730e84

Time (s): cpu = 00:00:00 ; elapsed = 00:00:00.005 . Memory (MB): peak = 1926.508 ; gain = 0.000

Phase 2.2 Timing Data Collection
Phase 2.2 Timing Data Collection | Checksum: 17f730e84

Time (s): cpu = 00:00:00 ; elapsed = 00:00:00.009 . Memory (MB): peak = 1926.508 ; gain = 0.000
Phase 2 Timer Update And Timing Data Collection | Checksum: 17f730e84

Time (s): cpu = 00:00:00 ; elapsed = 00:00:00.009 . Memory (MB): peak = 1926.508 ; gain = 0.000

Phase 3 Retarget
INFO: [Opt 31-138] Pushed 0 inverter(s) to 0 load pin(s).
INFO: [Opt 31-49] Retargeted 0 cell(s).
Phase 3 Retarget | Checksum: 17f730e84

Time (s): cpu = 00:00:00 ; elapsed = 00:00:00.012 . Memory (MB): peak = 1926.508 ; gain = 0.000
Retarget | Checksum: 17f730e84
INFO: [Opt 31-389] Phase Retarget created 0 cells and removed 0 cells

Phase 4 Constant propagation
INFO: [Opt 31-138] Pushed 0 inverter(s) to 0 load pin(s).
Phase 4 Constant propagation | Checksum: 17f730e84

Time (s): cpu = 00:00:00 ; elapsed = 00:00:00.013 . Memory (MB): peak = 1926.508 ; gain = 0.000
Constant propagation | Checksum: 17f730e84
INFO: [Opt 31-389] Phase Constant propagation created 0 cells and removed 0 cells

Phase 5 Sweep
Phase 5 Sweep | Checksum: 14f8993c0

Time (s): cpu = 00:00:00 ; elapsed = 00:00:00.015 . Memory (MB): peak = 1926.508 ; gain = 0.000
Sweep | Checksum: 14f8993c0
INFO: [Opt 31-389] Phase Sweep created 0 cells and removed 0 cells

Phase 6 BUFG optimization
Phase 6 BUFG optimization | Checksum: 14f8993c0

Time (s): cpu = 00:00:00 ; elapsed = 00:00:00.046 . Memory (MB): peak = 1926.508 ; gain = 0.000
BUFG optimization | Checksum: 14f8993c0
INFO: [Opt 31-662] Phase BUFG optimization created 0 cells of which 0 are BUFGs and removed 0 cells.

Phase 7 Shift Register Optimization
INFO: [Opt 31-1064] SRL Remap converted 0 SRLs to 0 registers and converted 0 registers of register chains to 0 SRLs
Phase 7 Shift Register Optimization | Checksum: 14f8993c0

Time (s): cpu = 00:00:00 ; elapsed = 00:00:00.047 . Memory (MB): peak = 1926.508 ; gain = 0.000
Shift Register Optimization | Checksum: 14f8993c0
INFO: [Opt 31-389] Phase Shift Register Optimization created 0 cells and removed 0 cells

Phase 8 Post Processing Netlist
Phase 8 Post Processing Netlist | Checksum: 14f8993c0

Time (s): cpu = 00:00:00 ; elapsed = 00:00:00.048 . Memory (MB): peak = 1926.508 ; gain = 0.000
Post Processing Netlist | Checksum: 14f8993c0
INFO: [Opt 31-389] Phase Post Processing Netlist created 0 cells and removed 0 cells

Phase 9 Finalization

Phase 9.1 Finalizing Design Cores and Updating Shapes
Phase 9.1 Finalizing Design Cores and Updating Shapes | Checksum: 19691b23f

Time (s): cpu = 00:00:00 ; elapsed = 00:00:00.051 . Memory (MB): peak = 1926.508 ; gain = 0.000

Phase 9.2 Verifying Netlist Connectivity

Starting Connectivity Check Task

Time (s): cpu = 00:00:00 ; elapsed = 00:00:00.001 . Memory (MB): peak = 1926.508 ; gain = 0.000
Phase 9.2 Verifying Netlist Connectivity | Checksum: 19691b23f

Time (s): cpu = 00:00:00 ; elapsed = 00:00:00.052 . Memory (MB): peak = 1926.508 ; gain = 0.000
Phase 9 Finalization | Checksum: 19691b23f

Time (s): cpu = 00:00:00 ; elapsed = 00:00:00.052 . Memory (MB): peak = 1926.508 ; gain = 0.000
Opt_design Change Summary
=========================


-------------------------------------------------------------------------------------------------------------------------
|  Phase                        |  #Cells created  |  #Cells Removed  |  #Constrained objects preventing optimizations  |
-------------------------------------------------------------------------------------------------------------------------
|  Retarget                     |               0  |               0  |                                              0  |
|  Constant propagation         |               0  |               0  |                                              0  |
|  Sweep                        |               0  |               0  |                                              0  |
|  BUFG optimization            |               0  |               0  |                                              0  |
|  Shift Register Optimization  |               0  |               0  |                                              0  |
|  Post Processing Netlist      |               0  |               0  |                                              0  |
-------------------------------------------------------------------------------------------------------------------------


Ending Logic Optimization Task | Checksum: 19691b23f

Time (s): cpu = 00:00:00 ; elapsed = 00:00:00.053 . Memory (MB): peak = 1926.508 ; gain = 0.000
INFO: [Constraints 18-11670] Building netlist checker database with flags, 0x8
Done building netlist checker database: Time (s): cpu = 00:00:00 ; elapsed = 00:00:00 . Memory (MB): peak = 1926.508 ; gain = 0.000

Starting Power Optimization Task
INFO: [Pwropt 34-132] Skipping clock gating for clocks with a period < 2.00 ns.
Ending Power Optimization Task | Checksum: 19691b23f

Time (s): cpu = 00:00:00 ; elapsed = 00:00:00.007 . Memory (MB): peak = 1926.508 ; gain = 0.000

Starting Final Cleanup Task
Ending Final Cleanup Task | Checksum: 19691b23f

Time (s): cpu = 00:00:00 ; elapsed = 00:00:00 . Memory (MB): peak = 1926.508 ; gain = 0.000

Starting Netlist Obfuscation Task
Netlist sorting complete. Time (s): cpu = 00:00:00 ; elapsed = 00:00:00 . Memory (MB): peak = 1926.508 ; gain = 0.000
Ending Netlist Obfuscation Task | Checksum: 19691b23f

Time (s): cpu = 00:00:00 ; elapsed = 00:00:00.001 . Memory (MB): peak = 1926.508 ; gain = 0.000
INFO: [Common 17-83] Releasing license: Implementation
25 Infos, 0 Warnings, 0 Critical Warnings and 0 Errors encountered.
opt_design completed successfully
opt_design: Time (s): cpu = 00:00:10 ; elapsed = 00:00:11 . Memory (MB): peak = 1926.508 ; gain = 919.996
INFO: [runtcl-4] Executing : report_drc -file time_multi_drc_opted.rpt -pb time_multi_drc_opted.pb -rpx time_multi_drc_opted.rpx
Command: report_drc -file time_multi_drc_opted.rpt -pb time_multi_drc_opted.pb -rpx time_multi_drc_opted.rpx
INFO: [IP_Flow 19-234] Refreshing IP repositories
INFO: [IP_Flow 19-1704] No user IP repositories specified
INFO: [IP_Flow 19-2313] Loaded Vivado IP repository 'C:/Xilinx/Vivado/2023.2/data/ip'.
INFO: [DRC 23-27] Running DRC with 2 threads
INFO: [Vivado_Tcl 2-168] The results of DRC are in file C:/Users/gabri/Desktop/UT/junior/EE316/lab_4/lab_4.runs/impl_1/time_multi_drc_opted.rpt.
report_drc completed successfully
INFO: [Timing 38-480] Writing timing data to binary archive.
Write ShapeDB Complete: Time (s): cpu = 00:00:00 ; elapsed = 00:00:00.001 . Memory (MB): peak = 1926.508 ; gain = 0.000
Wrote PlaceDB: Time (s): cpu = 00:00:00 ; elapsed = 00:00:00.001 . Memory (MB): peak = 1926.508 ; gain = 0.000
Wrote PulsedLatchDB: Time (s): cpu = 00:00:00 ; elapsed = 00:00:00.001 . Memory (MB): peak = 1926.508 ; gain = 0.000
Writing XDEF routing.
Writing XDEF routing logical nets.
Writing XDEF routing special nets.
Wrote RouteStorage: Time (s): cpu = 00:00:00 ; elapsed = 00:00:00.016 . Memory (MB): peak = 1926.508 ; gain = 0.000
Wrote Netlist Cache: Time (s): cpu = 00:00:00 ; elapsed = 00:00:00 . Memory (MB): peak = 1926.508 ; gain = 0.000
Wrote Device Cache: Time (s): cpu = 00:00:00 ; elapsed = 00:00:00.005 . Memory (MB): peak = 1926.508 ; gain = 0.000
Write Physdb Complete: Time (s): cpu = 00:00:00 ; elapsed = 00:00:00.028 . Memory (MB): peak = 1926.508 ; gain = 0.000
INFO: [Common 17-1381] The checkpoint 'C:/Users/gabri/Desktop/UT/junior/EE316/lab_4/lab_4.runs/impl_1/time_multi_opt.dcp' has been generated.
Command: place_design
Attempting to get a license for feature 'Implementation' and/or device 'xc7a35t'
INFO: [Common 17-349] Got license for feature 'Implementation' and/or device 'xc7a35t'
INFO: [Common 17-83] Releasing license: Implementation
INFO: [DRC 23-27] Running DRC with 2 threads
INFO: [Vivado_Tcl 4-198] DRC finished with 0 Errors
INFO: [Vivado_Tcl 4-199] Please refer to the DRC report (report_drc) for more information.
Running DRC as a precondition to command place_design
INFO: [DRC 23-27] Running DRC with 2 threads
INFO: [Vivado_Tcl 4-198] DRC finished with 0 Errors
INFO: [Vivado_Tcl 4-199] Please refer to the DRC report (report_drc) for more information.
INFO: [Place 30-611] Multithreading enabled for place_design using a maximum of 2 CPUs

Starting Placer Task

Phase 1 Placer Initialization

Phase 1.1 Placer Initialization Netlist Sorting
Netlist sorting complete. Time (s): cpu = 00:00:00 ; elapsed = 00:00:00 . Memory (MB): peak = 1926.508 ; gain = 0.000
Phase 1.1 Placer Initialization Netlist Sorting | Checksum: 110dd2190

Time (s): cpu = 00:00:00 ; elapsed = 00:00:00.001 . Memory (MB): peak = 1926.508 ; gain = 0.000
Netlist sorting complete. Time (s): cpu = 00:00:00 ; elapsed = 00:00:00 . Memory (MB): peak = 1926.508 ; gain = 0.000

Phase 1.2 IO Placement/ Clock Placement/ Build Placer Device
INFO: [Timing 38-35] Done setting XDC timing constraints.
Phase 1.2 IO Placement/ Clock Placement/ Build Placer Device | Checksum: 192dad6d2

Time (s): cpu = 00:00:01 ; elapsed = 00:00:00.221 . Memory (MB): peak = 1926.508 ; gain = 0.000

Phase 1.3 Build Placer Netlist Model
WARNING: [Place 30-2953] Timing driven mode will be turned off because no critical terminals were found.
Phase 1.3 Build Placer Netlist Model | Checksum: 1f1d7858b

Time (s): cpu = 00:00:01 ; elapsed = 00:00:00.307 . Memory (MB): peak = 1926.508 ; gain = 0.000

Phase 1.4 Constrain Clocks/Macros
Phase 1.4 Constrain Clocks/Macros | Checksum: 1f1d7858b

Time (s): cpu = 00:00:01 ; elapsed = 00:00:00.309 . Memory (MB): peak = 1926.508 ; gain = 0.000
Phase 1 Placer Initialization | Checksum: 1f1d7858b

Time (s): cpu = 00:00:01 ; elapsed = 00:00:00.312 . Memory (MB): peak = 1926.508 ; gain = 0.000

Phase 2 Global Placement

Phase 2.1 Floorplanning
Phase 2.1 Floorplanning | Checksum: 1f1d7858b

Time (s): cpu = 00:00:01 ; elapsed = 00:00:00.313 . Memory (MB): peak = 1926.508 ; gain = 0.000

Phase 2.2 Update Timing before SLR Path Opt
Phase 2.2 Update Timing before SLR Path Opt | Checksum: 1f1d7858b

Time (s): cpu = 00:00:01 ; elapsed = 00:00:00.314 . Memory (MB): peak = 1926.508 ; gain = 0.000

Phase 2.3 Post-Processing in Floorplanning
Phase 2.3 Post-Processing in Floorplanning | Checksum: 1f1d7858b

Time (s): cpu = 00:00:01 ; elapsed = 00:00:00.314 . Memory (MB): peak = 1926.508 ; gain = 0.000

Phase 2.4 Global Placement Core
WARNING: [Place 46-29] Timing had been disabled during Placer and, therefore, physical synthesis in Placer will be skipped.
Phase 2.4 Global Placement Core | Checksum: 1f66d9d54

Time (s): cpu = 00:00:01 ; elapsed = 00:00:00.579 . Memory (MB): peak = 1926.508 ; gain = 0.000
Phase 2 Global Placement | Checksum: 1f66d9d54

Time (s): cpu = 00:00:01 ; elapsed = 00:00:00.581 . Memory (MB): peak = 1926.508 ; gain = 0.000

Phase 3 Detail Placement

Phase 3.1 Commit Multi Column Macros
Phase 3.1 Commit Multi Column Macros | Checksum: 1f66d9d54

Time (s): cpu = 00:00:01 ; elapsed = 00:00:00.582 . Memory (MB): peak = 1926.508 ; gain = 0.000

Phase 3.2 Commit Most Macros & LUTRAMs
Phase 3.2 Commit Most Macros & LUTRAMs | Checksum: 18b6e50b0

Time (s): cpu = 00:00:01 ; elapsed = 00:00:00.591 . Memory (MB): peak = 1926.508 ; gain = 0.000

Phase 3.3 Area Swap Optimization
Phase 3.3 Area Swap Optimization | Checksum: 221094a7d

Time (s): cpu = 00:00:01 ; elapsed = 00:00:00.597 . Memory (MB): peak = 1926.508 ; gain = 0.000

Phase 3.4 Pipeline Register Optimization
Phase 3.4 Pipeline Register Optimization | Checksum: 221094a7d

Time (s): cpu = 00:00:01 ; elapsed = 00:00:00.597 . Memory (MB): peak = 1926.508 ; gain = 0.000

Phase 3.5 Small Shape Detail Placement
Phase 3.5 Small Shape Detail Placement | Checksum: 1830c394a

Time (s): cpu = 00:00:01 ; elapsed = 00:00:00.663 . Memory (MB): peak = 1926.508 ; gain = 0.000

Phase 3.6 Re-assign LUT pins
Phase 3.6 Re-assign LUT pins | Checksum: 1830c394a

Time (s): cpu = 00:00:01 ; elapsed = 00:00:00.666 . Memory (MB): peak = 1926.508 ; gain = 0.000

Phase 3.7 Pipeline Register Optimization
Phase 3.7 Pipeline Register Optimization | Checksum: 1830c394a

Time (s): cpu = 00:00:01 ; elapsed = 00:00:00.667 . Memory (MB): peak = 1926.508 ; gain = 0.000
Phase 3 Detail Placement | Checksum: 1830c394a

Time (s): cpu = 00:00:01 ; elapsed = 00:00:00.667 . Memory (MB): peak = 1926.508 ; gain = 0.000

Phase 4 Post Placement Optimization and Clean-Up

Phase 4.1 Post Commit Optimization
Phase 4.1 Post Commit Optimization | Checksum: 1830c394a

Time (s): cpu = 00:00:01 ; elapsed = 00:00:00.704 . Memory (MB): peak = 1926.508 ; gain = 0.000

Phase 4.2 Post Placement Cleanup
Phase 4.2 Post Placement Cleanup | Checksum: 1830c394a

Time (s): cpu = 00:00:01 ; elapsed = 00:00:00.706 . Memory (MB): peak = 1926.508 ; gain = 0.000

Phase 4.3 Placer Reporting

Phase 4.3.1 Print Estimated Congestion
INFO: [Place 30-612] Post-Placement Estimated Congestion 
 ____________________________________________________
|           | Global Congestion | Short Congestion  |
| Direction | Region Size       | Region Size       |
|___________|___________________|___________________|
|      North|                1x1|                1x1|
|___________|___________________|___________________|
|      South|                1x1|                1x1|
|___________|___________________|___________________|
|       East|                1x1|                1x1|
|___________|___________________|___________________|
|       West|                1x1|                1x1|
|___________|___________________|___________________|

Phase 4.3.1 Print Estimated Congestion | Checksum: 1830c394a

Time (s): cpu = 00:00:01 ; elapsed = 00:00:00.707 . Memory (MB): peak = 1926.508 ; gain = 0.000
Phase 4.3 Placer Reporting | Checksum: 1830c394a

Time (s): cpu = 00:00:01 ; elapsed = 00:00:00.707 . Memory (MB): peak = 1926.508 ; gain = 0.000

Phase 4.4 Final Placement Cleanup
Netlist sorting complete. Time (s): cpu = 00:00:00 ; elapsed = 00:00:00 . Memory (MB): peak = 1926.508 ; gain = 0.000

Time (s): cpu = 00:00:01 ; elapsed = 00:00:00.708 . Memory (MB): peak = 1926.508 ; gain = 0.000
Phase 4 Post Placement Optimization and Clean-Up | Checksum: b89c512c

Time (s): cpu = 00:00:01 ; elapsed = 00:00:00.708 . Memory (MB): peak = 1926.508 ; gain = 0.000
Ending Placer Task | Checksum: 57157eb4

Time (s): cpu = 00:00:01 ; elapsed = 00:00:00.709 . Memory (MB): peak = 1926.508 ; gain = 0.000
44 Infos, 2 Warnings, 0 Critical Warnings and 0 Errors encountered.
place_design completed successfully
INFO: [runtcl-4] Executing : report_io -file time_multi_io_placed.rpt
report_io: Time (s): cpu = 00:00:00 ; elapsed = 00:00:00.038 . Memory (MB): peak = 1926.508 ; gain = 0.000
INFO: [runtcl-4] Executing : report_utilization -file time_multi_utilization_placed.rpt -pb time_multi_utilization_placed.pb
INFO: [runtcl-4] Executing : report_control_sets -verbose -file time_multi_control_sets_placed.rpt
report_control_sets: Time (s): cpu = 00:00:00 ; elapsed = 00:00:00.001 . Memory (MB): peak = 1926.508 ; gain = 0.000
INFO: [Timing 38-480] Writing timing data to binary archive.
Write ShapeDB Complete: Time (s): cpu = 00:00:00 ; elapsed = 00:00:00.001 . Memory (MB): peak = 1926.508 ; gain = 0.000
Wrote PlaceDB: Time (s): cpu = 00:00:00 ; elapsed = 00:00:00.007 . Memory (MB): peak = 1926.508 ; gain = 0.000
Wrote PulsedLatchDB: Time (s): cpu = 00:00:00 ; elapsed = 00:00:00 . Memory (MB): peak = 1926.508 ; gain = 0.000
Writing XDEF routing.
Writing XDEF routing logical nets.
Writing XDEF routing special nets.
Wrote RouteStorage: Time (s): cpu = 00:00:00 ; elapsed = 00:00:00.015 . Memory (MB): peak = 1926.508 ; gain = 0.000
Wrote Netlist Cache: Time (s): cpu = 00:00:00 ; elapsed = 00:00:00 . Memory (MB): peak = 1926.508 ; gain = 0.000
Wrote Device Cache: Time (s): cpu = 00:00:00 ; elapsed = 00:00:00.005 . Memory (MB): peak = 1926.508 ; gain = 0.000
Write Physdb Complete: Time (s): cpu = 00:00:00 ; elapsed = 00:00:00.032 . Memory (MB): peak = 1926.508 ; gain = 0.000
INFO: [Common 17-1381] The checkpoint 'C:/Users/gabri/Desktop/UT/junior/EE316/lab_4/lab_4.runs/impl_1/time_multi_placed.dcp' has been generated.
Command: phys_opt_design
Attempting to get a license for feature 'Implementation' and/or device 'xc7a35t'
INFO: [Common 17-349] Got license for feature 'Implementation' and/or device 'xc7a35t'

Starting Initial Update Timing Task
INFO: [Timing 38-35] Done setting XDC timing constraints.

Time (s): cpu = 00:00:00 ; elapsed = 00:00:00.027 . Memory (MB): peak = 1926.508 ; gain = 0.000
INFO: [Vivado_Tcl 4-383] Design worst setup slack (WNS) is greater than or equal to 0.000 ns. Skipping all physical synthesis optimizations.
INFO: [Vivado_Tcl 4-232] No setup violation found. The netlist was not modified.
INFO: [Common 17-83] Releasing license: Implementation
54 Infos, 2 Warnings, 0 Critical Warnings and 0 Errors encountered.
phys_opt_design completed successfully
INFO: [Timing 38-480] Writing timing data to binary archive.
Write ShapeDB Complete: Time (s): cpu = 00:00:00 ; elapsed = 00:00:00.001 . Memory (MB): peak = 1934.191 ; gain = 0.012
Wrote PlaceDB: Time (s): cpu = 00:00:00 ; elapsed = 00:00:00.007 . Memory (MB): peak = 1934.191 ; gain = 0.000
Wrote PulsedLatchDB: Time (s): cpu = 00:00:00 ; elapsed = 00:00:00 . Memory (MB): peak = 1934.191 ; gain = 0.000
Writing XDEF routing.
Writing XDEF routing logical nets.
Writing XDEF routing special nets.
Wrote RouteStorage: Time (s): cpu = 00:00:00 ; elapsed = 00:00:00.015 . Memory (MB): peak = 1934.191 ; gain = 0.000
Wrote Netlist Cache: Time (s): cpu = 00:00:00 ; elapsed = 00:00:00 . Memory (MB): peak = 1934.191 ; gain = 0.000
Wrote Device Cache: Time (s): cpu = 00:00:00 ; elapsed = 00:00:00.005 . Memory (MB): peak = 1934.191 ; gain = 0.000
Write Physdb Complete: Time (s): cpu = 00:00:00 ; elapsed = 00:00:00.032 . Memory (MB): peak = 1934.191 ; gain = 0.012
INFO: [Common 17-1381] The checkpoint 'C:/Users/gabri/Desktop/UT/junior/EE316/lab_4/lab_4.runs/impl_1/time_multi_physopt.dcp' has been generated.
Command: route_design
Attempting to get a license for feature 'Implementation' and/or device 'xc7a35t'
INFO: [Common 17-349] Got license for feature 'Implementation' and/or device 'xc7a35t'
Running DRC as a precondition to command route_design
INFO: [DRC 23-27] Running DRC with 2 threads
INFO: [Vivado_Tcl 4-198] DRC finished with 0 Errors
INFO: [Vivado_Tcl 4-199] Please refer to the DRC report (report_drc) for more information.


Starting Routing Task
INFO: [Route 35-254] Multithreading enabled for route_design using a maximum of 8 CPUs

Phase 1 Build RT Design
Checksum: PlaceDB: 4aca3154 ConstDB: 0 ShapeSum: c4b4d60 RouteDB: 0
Post Restoration Checksum: NetGraph: 5d514076 | NumContArr: 2db68a91 | Constraints: c2a8fa9d | Timing: c2a8fa9d
Phase 1 Build RT Design | Checksum: 21059c041

Time (s): cpu = 00:00:20 ; elapsed = 00:00:20 . Memory (MB): peak = 2039.363 ; gain = 92.039

Phase 2 Router Initialization

Phase 2.1 Fix Topology Constraints
Phase 2.1 Fix Topology Constraints | Checksum: 21059c041

Time (s): cpu = 00:00:20 ; elapsed = 00:00:20 . Memory (MB): peak = 2039.445 ; gain = 92.121

Phase 2.2 Pre Route Cleanup
Phase 2.2 Pre Route Cleanup | Checksum: 21059c041

Time (s): cpu = 00:00:20 ; elapsed = 00:00:20 . Memory (MB): peak = 2039.445 ; gain = 92.121
 Number of Nodes with overlaps = 0

Phase 2.3 Update Timing
Phase 2.3 Update Timing | Checksum: 25b8aa32e

Time (s): cpu = 00:00:20 ; elapsed = 00:00:20 . Memory (MB): peak = 2077.777 ; gain = 130.453
INFO: [Route 35-416] Intermediate Timing Summary | WNS=7.505  | TNS=0.000  | WHS=0.006  | THS=0.000  |


Router Utilization Summary
  Global Vertical Routing Utilization    = 0.000239177 %
  Global Horizontal Routing Utilization  = 0.000130141 %
  Routable Net Status*
  *Does not include unroutable nets such as driverless and loadless.
  Run report_route_status for detailed report.
  Number of Failed Nets               = 61
    (Failed Nets is the sum of unrouted and partially routed nets)
  Number of Unrouted Nets             = 60
  Number of Partially Routed Nets     = 1
  Number of Node Overlaps             = 0

Phase 2 Router Initialization | Checksum: 2a61c201d

Time (s): cpu = 00:00:20 ; elapsed = 00:00:20 . Memory (MB): peak = 2085.121 ; gain = 137.797

Phase 3 Initial Routing

Phase 3.1 Global Routing
Phase 3.1 Global Routing | Checksum: 2a61c201d

Time (s): cpu = 00:00:20 ; elapsed = 00:00:20 . Memory (MB): peak = 2085.121 ; gain = 137.797

Phase 3.2 Initial Net Routing
Phase 3.2 Initial Net Routing | Checksum: 22045b25f

Time (s): cpu = 00:00:20 ; elapsed = 00:00:20 . Memory (MB): peak = 2085.121 ; gain = 137.797
Phase 3 Initial Routing | Checksum: 22045b25f

Time (s): cpu = 00:00:20 ; elapsed = 00:00:20 . Memory (MB): peak = 2085.121 ; gain = 137.797

Phase 4 Rip-up And Reroute

Phase 4.1 Global Iteration 0
 Number of Nodes with overlaps = 0
INFO: [Route 35-416] Intermediate Timing Summary | WNS=7.271  | TNS=0.000  | WHS=N/A    | THS=N/A    |

Phase 4.1 Global Iteration 0 | Checksum: 1a9c5355e

Time (s): cpu = 00:00:20 ; elapsed = 00:00:20 . Memory (MB): peak = 2085.121 ; gain = 137.797
Phase 4 Rip-up And Reroute | Checksum: 1a9c5355e

Time (s): cpu = 00:00:20 ; elapsed = 00:00:20 . Memory (MB): peak = 2085.121 ; gain = 137.797

Phase 5 Delay and Skew Optimization

Phase 5.1 Delay CleanUp
Phase 5.1 Delay CleanUp | Checksum: 1a9c5355e

Time (s): cpu = 00:00:20 ; elapsed = 00:00:20 . Memory (MB): peak = 2085.121 ; gain = 137.797

Phase 5.2 Clock Skew Optimization
Phase 5.2 Clock Skew Optimization | Checksum: 1a9c5355e

Time (s): cpu = 00:00:20 ; elapsed = 00:00:20 . Memory (MB): peak = 2085.121 ; gain = 137.797
Phase 5 Delay and Skew Optimization | Checksum: 1a9c5355e

Time (s): cpu = 00:00:21 ; elapsed = 00:00:20 . Memory (MB): peak = 2085.121 ; gain = 137.797

Phase 6 Post Hold Fix

Phase 6.1 Hold Fix Iter

Phase 6.1.1 Update Timing
Phase 6.1.1 Update Timing | Checksum: 188357c63

Time (s): cpu = 00:00:21 ; elapsed = 00:00:20 . Memory (MB): peak = 2085.121 ; gain = 137.797
INFO: [Route 35-416] Intermediate Timing Summary | WNS=7.350  | TNS=0.000  | WHS=0.311  | THS=0.000  |

Phase 6.1 Hold Fix Iter | Checksum: 171764a1d

Time (s): cpu = 00:00:21 ; elapsed = 00:00:20 . Memory (MB): peak = 2085.121 ; gain = 137.797
Phase 6 Post Hold Fix | Checksum: 171764a1d

Time (s): cpu = 00:00:21 ; elapsed = 00:00:20 . Memory (MB): peak = 2085.121 ; gain = 137.797

Phase 7 Route finalize

Router Utilization Summary
  Global Vertical Routing Utilization    = 0.0415371 %
  Global Horizontal Routing Utilization  = 0.0551796 %
  Routable Net Status*
  *Does not include unroutable nets such as driverless and loadless.
  Run report_route_status for detailed report.
  Number of Failed Nets               = 0
    (Failed Nets is the sum of unrouted and partially routed nets)
  Number of Unrouted Nets             = 0
  Number of Partially Routed Nets     = 0
  Number of Node Overlaps             = 0

Phase 7 Route finalize | Checksum: 171764a1d

Time (s): cpu = 00:00:21 ; elapsed = 00:00:20 . Memory (MB): peak = 2085.121 ; gain = 137.797

Phase 8 Verifying routed nets

 Verification completed successfully
Phase 8 Verifying routed nets | Checksum: 171764a1d

Time (s): cpu = 00:00:21 ; elapsed = 00:00:20 . Memory (MB): peak = 2085.121 ; gain = 137.797

Phase 9 Depositing Routes
Phase 9 Depositing Routes | Checksum: 16e8c8ccd

Time (s): cpu = 00:00:21 ; elapsed = 00:00:20 . Memory (MB): peak = 2085.121 ; gain = 137.797

Phase 10 Post Router Timing
INFO: [Route 35-57] Estimated Timing Summary | WNS=7.350  | TNS=0.000  | WHS=0.311  | THS=0.000  |

INFO: [Route 35-327] The final timing numbers are based on the router estimated timing analysis. For a complete and accurate timing signoff, please run report_timing_summary.
Phase 10 Post Router Timing | Checksum: 16e8c8ccd

Time (s): cpu = 00:00:21 ; elapsed = 00:00:20 . Memory (MB): peak = 2085.121 ; gain = 137.797
INFO: [Route 35-16] Router Completed Successfully

Phase 11 Post-Route Event Processing
Phase 11 Post-Route Event Processing | Checksum: 1bd17eab5

Time (s): cpu = 00:00:21 ; elapsed = 00:00:20 . Memory (MB): peak = 2085.121 ; gain = 137.797
Ending Routing Task | Checksum: 1bd17eab5

Time (s): cpu = 00:00:21 ; elapsed = 00:00:20 . Memory (MB): peak = 2085.121 ; gain = 137.797

Routing Is Done.
INFO: [Common 17-83] Releasing license: Implementation
68 Infos, 2 Warnings, 0 Critical Warnings and 0 Errors encountered.
route_design completed successfully
route_design: Time (s): cpu = 00:00:22 ; elapsed = 00:00:21 . Memory (MB): peak = 2085.121 ; gain = 150.930
INFO: [runtcl-4] Executing : report_drc -file time_multi_drc_routed.rpt -pb time_multi_drc_routed.pb -rpx time_multi_drc_routed.rpx
Command: report_drc -file time_multi_drc_routed.rpt -pb time_multi_drc_routed.pb -rpx time_multi_drc_routed.rpx
INFO: [IP_Flow 19-1839] IP Catalog is up to date.
INFO: [DRC 23-27] Running DRC with 2 threads
INFO: [Vivado_Tcl 2-168] The results of DRC are in file C:/Users/gabri/Desktop/UT/junior/EE316/lab_4/lab_4.runs/impl_1/time_multi_drc_routed.rpt.
report_drc completed successfully
INFO: [runtcl-4] Executing : report_methodology -file time_multi_methodology_drc_routed.rpt -pb time_multi_methodology_drc_routed.pb -rpx time_multi_methodology_drc_routed.rpx
Command: report_methodology -file time_multi_methodology_drc_routed.rpt -pb time_multi_methodology_drc_routed.pb -rpx time_multi_methodology_drc_routed.rpx
INFO: [Timing 38-35] Done setting XDC timing constraints.
INFO: [DRC 23-133] Running Methodology with 2 threads
INFO: [Vivado_Tcl 2-1520] The results of Report Methodology are in file C:/Users/gabri/Desktop/UT/junior/EE316/lab_4/lab_4.runs/impl_1/time_multi_methodology_drc_routed.rpt.
report_methodology completed successfully
INFO: [runtcl-4] Executing : report_power -file time_multi_power_routed.rpt -pb time_multi_power_summary_routed.pb -rpx time_multi_power_routed.rpx
Command: report_power -file time_multi_power_routed.rpt -pb time_multi_power_summary_routed.pb -rpx time_multi_power_routed.rpx
INFO: [Timing 38-35] Done setting XDC timing constraints.
Running Vector-less Activity Propagation...

Finished Running Vector-less Activity Propagation
78 Infos, 2 Warnings, 0 Critical Warnings and 0 Errors encountered.
report_power completed successfully
INFO: [runtcl-4] Executing : report_route_status -file time_multi_route_status.rpt -pb time_multi_route_status.pb
INFO: [runtcl-4] Executing : report_timing_summary -max_paths 10 -report_unconstrained -file time_multi_timing_summary_routed.rpt -pb time_multi_timing_summary_routed.pb -rpx time_multi_timing_summary_routed.rpx -warn_on_violation 
INFO: [Timing 38-91] UpdateTimingParams: Speed grade: -1, Delay Type: min_max.
INFO: [Timing 38-191] Multithreading enabled for timing update using a maximum of 2 CPUs
INFO: [runtcl-4] Executing : report_incremental_reuse -file time_multi_incremental_reuse_routed.rpt
INFO: [Vivado_Tcl 4-1062] Incremental flow is disabled. No incremental reuse Info to report.
INFO: [runtcl-4] Executing : report_clock_utilization -file time_multi_clock_utilization_routed.rpt
INFO: [runtcl-4] Executing : report_bus_skew -warn_on_violation -file time_multi_bus_skew_routed.rpt -pb time_multi_bus_skew_routed.pb -rpx time_multi_bus_skew_routed.rpx
INFO: [Timing 38-91] UpdateTimingParams: Speed grade: -1, Delay Type: min_max.
INFO: [Timing 38-191] Multithreading enabled for timing update using a maximum of 2 CPUs
INFO: [Timing 38-480] Writing timing data to binary archive.
Write ShapeDB Complete: Time (s): cpu = 00:00:00 ; elapsed = 00:00:00.001 . Memory (MB): peak = 2085.797 ; gain = 0.000
Wrote PlaceDB: Time (s): cpu = 00:00:00 ; elapsed = 00:00:00.010 . Memory (MB): peak = 2085.797 ; gain = 0.000
Wrote PulsedLatchDB: Time (s): cpu = 00:00:00 ; elapsed = 00:00:00 . Memory (MB): peak = 2085.797 ; gain = 0.000
Writing XDEF routing.
Writing XDEF routing logical nets.
Writing XDEF routing special nets.
Wrote RouteStorage: Time (s): cpu = 00:00:00 ; elapsed = 00:00:00.021 . Memory (MB): peak = 2085.797 ; gain = 0.000
Wrote Netlist Cache: Time (s): cpu = 00:00:00 ; elapsed = 00:00:00 . Memory (MB): peak = 2085.797 ; gain = 0.000
Wrote Device Cache: Time (s): cpu = 00:00:00 ; elapsed = 00:00:00.007 . Memory (MB): peak = 2085.797 ; gain = 0.000
Write Physdb Complete: Time (s): cpu = 00:00:00 ; elapsed = 00:00:00.044 . Memory (MB): peak = 2085.797 ; gain = 0.000
INFO: [Common 17-1381] The checkpoint 'C:/Users/gabri/Desktop/UT/junior/EE316/lab_4/lab_4.runs/impl_1/time_multi_routed.dcp' has been generated.
INFO: [Common 17-206] Exiting Vivado at Fri Mar  8 12:41:03 2024...

*** Running vivado
    with args -log time_multi.vdi -applog -m64 -product Vivado -messageDb vivado.pb -mode batch -source time_multi.tcl -notrace


ECHO is off.
ECHO is off.

****** Vivado v2023.2 (64-bit)
  **** SW Build 4029153 on Fri Oct 13 20:14:34 MDT 2023
  **** IP Build 4028589 on Sat Oct 14 00:45:43 MDT 2023
  **** SharedData Build 4025554 on Tue Oct 10 17:18:54 MDT 2023
    ** Copyright 1986-2022 Xilinx, Inc. All Rights Reserved.
    ** Copyright 2022-2023 Advanced Micro Devices, Inc. All Rights Reserved.

source time_multi.tcl -notrace
Command: open_checkpoint time_multi_routed.dcp
INFO: [Device 21-403] Loading part xc7a35tcpg236-1
Netlist sorting complete. Time (s): cpu = 00:00:00 ; elapsed = 00:00:00 . Memory (MB): peak = 871.344 ; gain = 0.000
INFO: [Netlist 29-17] Analyzing 28 Unisim elements for replacement
INFO: [Netlist 29-28] Unisim Transformation completed in 0 CPU seconds
INFO: [Project 1-479] Netlist was created with Vivado 2023.2
INFO: [Project 1-570] Preparing netlist for logic optimization
Read ShapeDB Complete: Time (s): cpu = 00:00:00 ; elapsed = 00:00:00.002 . Memory (MB): peak = 958.824 ; gain = 0.039
INFO: [Timing 38-478] Restoring timing data from binary archive.
INFO: [Timing 38-479] Binary timing data restore complete.
INFO: [Project 1-856] Restoring constraints from binary archive.
INFO: [Project 1-853] Binary constraint restore complete.
INFO: [Designutils 20-5722] Start Reading Physical Databases.
Reading placement.
Read Netlist Cache: Time (s): cpu = 00:00:00 ; elapsed = 00:00:00 . Memory (MB): peak = 1552.355 ; gain = 0.000
Reading placer database...
Read Device Cache: Time (s): cpu = 00:00:00 ; elapsed = 00:00:00.008 . Memory (MB): peak = 1552.355 ; gain = 0.000
Read PlaceDB: Time (s): cpu = 00:00:00 ; elapsed = 00:00:00.003 . Memory (MB): peak = 1552.355 ; gain = 0.000
Read PulsedLatchDB: Time (s): cpu = 00:00:00 ; elapsed = 00:00:00 . Memory (MB): peak = 1552.355 ; gain = 0.000
Reading routing.
Read RouteStorage: Time (s): cpu = 00:00:00 ; elapsed = 00:00:00.007 . Memory (MB): peak = 1552.355 ; gain = 0.000
Read Physdb Files: Time (s): cpu = 00:00:00 ; elapsed = 00:00:00.026 . Memory (MB): peak = 1552.355 ; gain = 0.000
Restored from archive | CPU: 0.000000 secs | Memory: 0.000000 MB |
Finished XDEF File Restore: Time (s): cpu = 00:00:00 ; elapsed = 00:00:00.084 . Memory (MB): peak = 1552.355 ; gain = 7.793
Netlist sorting complete. Time (s): cpu = 00:00:00 ; elapsed = 00:00:00 . Memory (MB): peak = 1552.355 ; gain = 0.000
INFO: [Project 1-111] Unisim Transformation Summary:
No Unisim elements were transformed.

The system cannot find the path specified.
INFO: [Project 1-604] Checkpoint was created with Vivado v2023.2 (64-bit) build 4029153
WARNING: [Vivado 12-23575] Critical violations of the methodology design rules detected. Critical violations may contribute to timing failures or cause functional issues in hardware. Run report_methodology for more information.
open_checkpoint: Time (s): cpu = 00:00:16 ; elapsed = 00:00:18 . Memory (MB): peak = 1552.355 ; gain = 1257.125
Command: write_bitstream -force time_multi.bit
Attempting to get a license for feature 'Implementation' and/or device 'xc7a35t'
INFO: [Common 17-349] Got license for feature 'Implementation' and/or device 'xc7a35t'
Running DRC as a precondition to command write_bitstream
INFO: [IP_Flow 19-234] Refreshing IP repositories
INFO: [IP_Flow 19-1704] No user IP repositories specified
INFO: [IP_Flow 19-2313] Loaded Vivado IP repository 'C:/Xilinx/Vivado/2023.2/data/ip'.
INFO: [DRC 23-27] Running DRC with 2 threads
WARNING: [DRC CFGBVS-1] Missing CFGBVS and CONFIG_VOLTAGE Design Properties: Neither the CFGBVS nor CONFIG_VOLTAGE voltage property is set in the current_design.  Configuration bank voltage select (CFGBVS) must be set to VCCO or GND, and CONFIG_VOLTAGE must be set to the correct configuration voltage, in order to determine the I/O voltage support for the pins in bank 0.  It is suggested to specify these either using the 'Edit Device Properties' function in the GUI or directly in the XDC file using the following syntax:

 set_property CFGBVS value1 [current_design]
 #where value1 is either VCCO or GND

 set_property CONFIG_VOLTAGE value2 [current_design]
 #where value2 is the voltage provided to configuration bank 0

Refer to the device configuration user guide for more information.
INFO: [Vivado 12-3199] DRC finished with 0 Errors, 1 Warnings
INFO: [Vivado 12-3200] Please refer to the DRC report (report_drc) for more information.
INFO: [Designutils 20-2272] Running write_bitstream with 2 threads.
Loading data files...
Loading site data...
Loading route data...
Processing options...
Creating bitmap...
Creating bitstream...
Writing bitstream ./time_multi.bit...
INFO: [Vivado 12-1842] Bitgen Completed Successfully.
INFO: [Project 1-1876] WebTalk data collection is mandatory when using a ULT device. To see the specific WebTalk data collected for your design, open the usage_statistics_webtalk.html or usage_statistics_webtalk.xml file in the implementation directory.
INFO: [Common 17-83] Releasing license: Implementation
23 Infos, 2 Warnings, 0 Critical Warnings and 0 Errors encountered.
write_bitstream completed successfully
write_bitstream: Time (s): cpu = 00:00:10 ; elapsed = 00:00:10 . Memory (MB): peak = 2034.816 ; gain = 482.461
INFO: [Common 17-206] Exiting Vivado at Fri Mar  8 12:41:48 2024...
