srcscan starts
INFO: analyzing module clkdiv (VERI-9002)
INFO: analyzing module rising_edge (VERI-9002)
INFO: analyzing module flight_attend (VERI-9002)
INFO: analyzing module flight_attend_data (VERI-9002)
INFO: analyzing module hex2segment (VERI-9002)
INFO: analyzing module time_mux_fsm (VERI-9002)
INFO: analyzing module time_multi (VERI-9002)
INFO: analyzing module clk_div (VERI-9002)
INFO: analyzing module clkdiv (VERI-9002)
C:/Users/gabri/Desktop/UT/junior/EE316/lab_4/lab_4.srcs/sources_1/new/clkdiv.v(2): WARNING: overwriting previous definition of module 'clkdiv' (VERI-1206)
INFO: analyzing module rising_edge (VERI-9002)
C:/Users/gabri/AppData/Local/Temp/VivadoEditorAssist11551696104281652904.tmp(3): WARNING: overwriting previous definition of module 'rising_edge' (VERI-1206)
INFO: analyzing module flight_attend (VERI-9002)
C:/Users/gabri/Desktop/UT/junior/EE316/lab_4/lab_4.srcs/sources_1/new/flight_attend.v(3): WARNING: overwriting previous definition of module 'flight_attend' (VERI-1206)
INFO: analyzing module flight_attend_data (VERI-9002)
C:/Users/gabri/Desktop/UT/junior/EE316/lab_4/lab_4.srcs/sources_1/new/flight_attend_data.v(3): WARNING: overwriting previous definition of module 'flight_attend_data' (VERI-1206)
INFO: analyzing module hex2segment (VERI-9002)
C:/Users/gabri/Desktop/UT/junior/EE316/lab_4/lab_4.srcs/sources_1/new/hex2segment.v(3): WARNING: overwriting previous definition of module 'hex2segment' (VERI-1206)
INFO: analyzing module time_mux_fsm (VERI-9002)
C:/Users/gabri/AppData/Local/Temp/VivadoEditorAssist9100155912882762336.tmp(3): WARNING: overwriting previous definition of module 'time_mux_fsm' (VERI-1206)
INFO: analyzing module time_multi (VERI-9002)
C:/Users/gabri/AppData/Local/Temp/VivadoEditorAssist13428192844052256066.tmp(3): WARNING: overwriting previous definition of module 'time_multi' (VERI-1206)
INFO: analyzing module clk_div (VERI-9002)
C:/Users/gabri/Desktop/UT/junior/EE316/lab_4/lab_4.srcs/sources_1/new/clk_div.v(2): WARNING: overwriting previous definition of module 'clk_div' (VERI-1206)
srcscan exits with return value 0
